<?xml version="1.0" encoding="UTF-8"?>
<!-- Generated by org.testng.reporters.JUnitXMLReporter -->
<testsuite ignored="0" hostname="DESKTOP-V0PL2RJ" failures="0" tests="4" name="Default test" time="44.588" errors="0" timestamp="2025-07-05T12:05:33 IST">
  <testcase classname="testNg.parameterization" name="login" time="9.372"/>
  <testcase classname="testNg.parameterization" name="login" time="8.81"/>
  <testcase classname="testNg.parameterization" name="login" time="8.771"/>
  <testcase classname="testNg.parameterization" name="login" time="9.89"/>
</testsuite> <!-- Default test -->
