<?xml version="1.0" encoding="UTF-8"?>
<!-- Generated by org.testng.reporters.JUnitXMLReporter -->
<testsuite ignored="6" hostname="DESKTOP-V0PL2RJ" failures="0" tests="2" name="Test" time="0.075" errors="0" timestamp="2025-06-25T22:44:53 IST">
  <testcase classname="testNG1.Payments" name="PaymentsinRupees" time="0.012"/>
  <testcase classname="testNG1.Payments" name="PaymentsinDollars" time="0.004"/>
  <testcase classname="testNG1.Login" name="Loginbyfacebook" time="0.0">
    <ignored/>
  </testcase> <!-- Loginbyfacebook -->
  <testcase classname="testNG1.SignUp" name="Signupbygmail" time="0.0">
    <ignored/>
  </testcase> <!-- Signupbygmail -->
  <testcase classname="testNG1.Login" name="Loginbygmail" time="0.0">
    <ignored/>
  </testcase> <!-- Loginbygmail -->
  <testcase classname="testNG1.SignUp" name="Signupbyfacebook" time="0.0">
    <ignored/>
  </testcase> <!-- Signupbyfacebook -->
  <testcase classname="testNG1.Login" name="Loginbyzoom" time="0.0">
    <ignored/>
  </testcase> <!-- Loginbyzoom -->
  <testcase classname="testNG1.SignUp" name="Signupbyzoom" time="0.0">
    <ignored/>
  </testcase> <!-- Signupbyzoom -->
</testsuite> <!-- Test -->
