<?xml version="1.0" encoding="UTF-8"?>
<testng-results ignored="0" total="4" passed="4" failed="0" skipped="0">
  <reporter-output>
  </reporter-output>
  <suite started-at="2025-07-05T12:04:49 IST" name="Default suite" finished-at="2025-07-05T12:05:33 IST" duration-ms="44588">
    <groups>
    </groups>
    <test started-at="2025-07-05T12:04:49 IST" name="Default test" finished-at="2025-07-05T12:05:33 IST" duration-ms="44588">
      <class name="testNg.parameterization">
        <test-method is-config="true" signature="setup()[pri:0, instance:testNg.parameterization@385c9627]" started-at="2025-07-05T12:04:49 IST" name="setup" finished-at="2025-07-05T12:04:51 IST" duration-ms="2280" status="PASS">
          <reporter-output>
          </reporter-output>
        </test-method> <!-- setup -->
        <test-method signature="login(java.lang.String,java.lang.String)[pri:0, instance:testNg.parameterization@385c9627]" started-at="2025-07-05T12:04:51 IST" name="login" data-provider="dp" finished-at="2025-07-05T12:05:01 IST" duration-ms="9372" status="PASS">
          <params>
            <param index="0">
              <value>
                <![CDATA[sainakka66]]>
              </value>
            </param>
            <param index="1">
              <value>
                <![CDATA[test123]]>
              </value>
            </param>
          </params>
          <reporter-output>
          </reporter-output>
        </test-method> <!-- login -->
        <test-method signature="login(java.lang.String,java.lang.String)[pri:0, instance:testNg.parameterization@385c9627]" started-at="2025-07-05T12:05:01 IST" name="login" data-provider="dp" finished-at="2025-07-05T12:05:09 IST" duration-ms="8810" status="PASS">
          <params>
            <param index="0">
              <value>
                <![CDATA[sainakka66]]>
              </value>
            </param>
            <param index="1">
              <value>
                <![CDATA[test23]]>
              </value>
            </param>
          </params>
          <reporter-output>
          </reporter-output>
        </test-method> <!-- login -->
        <test-method signature="login(java.lang.String,java.lang.String)[pri:0, instance:testNg.parameterization@385c9627]" started-at="2025-07-05T12:05:09 IST" name="login" data-provider="dp" finished-at="2025-07-05T12:05:18 IST" duration-ms="8771" status="PASS">
          <params>
            <param index="0">
              <value>
                <![CDATA[sainakka66]]>
              </value>
            </param>
            <param index="1">
              <value>
                <![CDATA[test@123]]>
              </value>
            </param>
          </params>
          <reporter-output>
          </reporter-output>
        </test-method> <!-- login -->
        <test-method signature="login(java.lang.String,java.lang.String)[pri:0, instance:testNg.parameterization@385c9627]" started-at="2025-07-05T12:05:18 IST" name="login" data-provider="dp" finished-at="2025-07-05T12:05:28 IST" duration-ms="9890" status="PASS">
          <params>
            <param index="0">
              <value>
                <![CDATA[sainakka66]]>
              </value>
            </param>
            <param index="1">
              <value>
                <![CDATA[Sainakka6@]]>
              </value>
            </param>
          </params>
          <reporter-output>
          </reporter-output>
        </test-method> <!-- login -->
        <test-method is-config="true" signature="close()[pri:0, instance:testNg.parameterization@385c9627]" started-at="2025-07-05T12:05:28 IST" name="close" finished-at="2025-07-05T12:05:33 IST" duration-ms="5402" status="PASS">
          <reporter-output>
          </reporter-output>
        </test-method> <!-- close -->
      </class> <!-- testNg.parameterization -->
    </test> <!-- Default test -->
  </suite> <!-- Default suite -->
</testng-results>
